2026-02-11 01:05:55.796 xcodebuild[78879:3517578] [MT] IDERunDestination: Supported platforms for the buildables in the current scheme is empty.
--- xcodebuild: WARNING: Using the first of multiple matching destinations:
{ platform:macOS, arch:arm64, id:00006000-001248910229801E, name:My Mac }
{ platform:macOS, arch:x86_64, id:00006000-001248910229801E, name:My Mac }
{ platform:macOS, name:Any Mac }
/Users/hckim/repo/dochi/Dochi/Views/ConversationView.swift:296:21: warning: main actor-isolated property 'active' can not be mutated from a nonisolated context
                    active = (active + 1) % 3
                    ^
/Users/hckim/repo/dochi/Dochi/Views/ConversationView.swift:282:24: note: mutation of this property is only permitted within the actor
    @State private var active = 0
                       ^
/Users/hckim/repo/dochi/Dochi/Views/ConversationView.swift:296:31: warning: main actor-isolated property 'active' can not be referenced from a nonisolated context
                    active = (active + 1) % 3
                              ^
/Users/hckim/repo/dochi/Dochi/Views/ConversationView.swift:282:24: note: property declared here
    @State private var active = 0
                       ^
/Users/hckim/repo/dochi/Dochi/Services/Repositories/Repositories.swift:89:9: warning: no 'async' operations occur within 'await' expression
        await service.setCurrentWorkspace(ws)
        ^
/Users/hckim/repo/dochi/Dochi/Services/BuiltInTools/RemindersTool.swift:201:27: warning: sending 'self.eventStore' risks causing data races
        var infos = await fetchReminderInfos(store: eventStore)
                          ^~~~~~~~~~~~~~~~~~~~~~~~~~~~~~~~~~~~~
/Users/hckim/repo/dochi/Dochi/Services/BuiltInTools/RemindersTool.swift:201:27: note: sending main actor-isolated 'self.eventStore' to nonisolated instance method 'fetchReminderInfos(store:)' risks causing data races between nonisolated and main actor-isolated uses
        var infos = await fetchReminderInfos(store: eventStore)
                          ^
/Users/hckim/repo/dochi/Dochi/Services/BuiltInTools/RemindersTool.swift:242:27: warning: sending 'self.eventStore' risks causing data races
        let infos = await fetchReminderInfos(store: eventStore)
                          ^~~~~~~~~~~~~~~~~~~~~~~~~~~~~~~~~~~~~
/Users/hckim/repo/dochi/Dochi/Services/BuiltInTools/RemindersTool.swift:242:27: note: sending main actor-isolated 'self.eventStore' to nonisolated instance method 'fetchReminderInfos(store:)' risks causing data races between nonisolated and main actor-isolated uses
        let infos = await fetchReminderInfos(store: eventStore)
                          ^
